<?xml version="1.0" encoding="UTF-8"?>
<!-- Generated by org.testng.reporters.JUnitReportReporter -->
<testsuite hostname="DESKTOP-LVQ2QQ2" failures="0" tests="1" name="automation.testsuite.test" time="8.484" errors="0" timestamp="2023-12-26T20:23:07 ICT" skipped="0">
  <testcase classname="automation.testsuite.test" name="LoginSuccessfully" time="8.484"/>
  <system-out/>
</testsuite> <!-- automation.testsuite.test -->
